{"c:\\Users\\Nick\\Eindopdracht\\lib\\config\\config.js":{"path":"c:\\Users\\Nick\\Eindopdracht\\lib\\config\\config.js","s":{"1":1},"b":{"1":[1,1],"2":[1,1,1]},"f":{},"fnMap":{},"statementMap":{"1":{"start":{"line":2,"column":0},"end":{"line":8,"column":1}}},"branchMap":{"1":{"line":3,"type":"binary-expr","locations":[{"start":{"line":3,"column":7},"end":{"line":3,"column":23}},{"start":{"line":3,"column":27},"end":{"line":3,"column":31}}]},"2":{"line":4,"type":"binary-expr","locations":[{"start":{"line":4,"column":8},"end":{"line":4,"column":32}},{"start":{"line":5,"column":4},"end":{"line":5,"column":27}},{"start":{"line":6,"column":4},"end":{"line":6,"column":37}}]}}},"c:\\Users\\Nick\\Eindopdracht\\server.js":{"path":"c:\\Users\\Nick\\Eindopdracht\\server.js","s":{"1":1,"2":1,"3":1,"4":1,"5":1,"6":1,"7":1,"8":1,"9":1,"10":0,"11":1,"12":1,"13":4,"14":1,"15":1,"16":1,"17":1,"18":1,"19":1,"20":1,"21":1,"22":1,"23":1,"24":1,"25":1,"26":0,"27":1,"28":1,"29":1,"30":1,"31":1,"32":1,"33":1,"34":1},"b":{"1":[0,1],"2":[1,0],"3":[1,1]},"f":{"1":4,"2":1},"fnMap":{"1":{"name":"(anonymous_1)","line":22,"loc":{"start":{"line":22,"column":35},"end":{"line":22,"column":51}}},"2":{"name":"(anonymous_2)","line":74,"loc":{"start":{"line":74,"column":17},"end":{"line":74,"column":29}}}},"statementMap":{"1":{"start":{"line":4,"column":0},"end":{"line":4,"column":33}},"2":{"start":{"line":5,"column":0},"end":{"line":5,"column":27}},"3":{"start":{"line":6,"column":0},"end":{"line":6,"column":35}},"4":{"start":{"line":7,"column":0},"end":{"line":7,"column":27}},"5":{"start":{"line":8,"column":0},"end":{"line":8,"column":23}},"6":{"start":{"line":9,"column":0},"end":{"line":9,"column":51}},"7":{"start":{"line":10,"column":0},"end":{"line":10,"column":44}},"8":{"start":{"line":13,"column":0},"end":{"line":13,"column":20}},"9":{"start":{"line":16,"column":0},"end":{"line":18,"column":1}},"10":{"start":{"line":17,"column":1},"end":{"line":17,"column":39}},"11":{"start":{"line":21,"column":0},"end":{"line":21,"column":52}},"12":{"start":{"line":22,"column":0},"end":{"line":24,"column":3}},"13":{"start":{"line":23,"column":2},"end":{"line":23,"column":35}},"14":{"start":{"line":27,"column":0},"end":{"line":27,"column":40}},"15":{"start":{"line":30,"column":0},"end":{"line":30,"column":53}},"16":{"start":{"line":31,"column":0},"end":{"line":31,"column":32}},"17":{"start":{"line":32,"column":0},"end":{"line":32,"column":43}},"18":{"start":{"line":35,"column":0},"end":{"line":35,"column":46}},"19":{"start":{"line":36,"column":0},"end":{"line":36,"column":31}},"20":{"start":{"line":37,"column":0},"end":{"line":37,"column":31}},"21":{"start":{"line":40,"column":0},"end":{"line":40,"column":32}},"22":{"start":{"line":43,"column":0},"end":{"line":43,"column":30}},"23":{"start":{"line":44,"column":0},"end":{"line":44,"column":34}},"24":{"start":{"line":47,"column":0},"end":{"line":57,"column":1}},"25":{"start":{"line":48,"column":4},"end":{"line":48,"column":68}},"26":{"start":{"line":50,"column":4},"end":{"line":56,"column":5}},"27":{"start":{"line":61,"column":0},"end":{"line":61,"column":31}},"28":{"start":{"line":62,"column":0},"end":{"line":62,"column":28}},"29":{"start":{"line":65,"column":0},"end":{"line":65,"column":20}},"30":{"start":{"line":68,"column":0},"end":{"line":68,"column":36}},"31":{"start":{"line":70,"column":0},"end":{"line":70,"column":28}},"32":{"start":{"line":73,"column":0},"end":{"line":73,"column":36}},"33":{"start":{"line":74,"column":0},"end":{"line":76,"column":3}},"34":{"start":{"line":75,"column":2},"end":{"line":75,"column":86}}},"branchMap":{"1":{"line":16,"type":"if","locations":[{"start":{"line":16,"column":0},"end":{"line":16,"column":0}},{"start":{"line":16,"column":0},"end":{"line":16,"column":0}}]},"2":{"line":47,"type":"if","locations":[{"start":{"line":47,"column":0},"end":{"line":47,"column":0}},{"start":{"line":47,"column":0},"end":{"line":47,"column":0}}]},"3":{"line":73,"type":"binary-expr","locations":[{"start":{"line":73,"column":11},"end":{"line":73,"column":27}},{"start":{"line":73,"column":31},"end":{"line":73,"column":35}}]}}},"c:\\Users\\Nick\\Eindopdracht\\lib\\models\\city.js":{"path":"c:\\Users\\Nick\\Eindopdracht\\lib\\models\\city.js","s":{"1":1,"2":1,"3":1,"4":1,"5":1,"6":1},"b":{},"f":{"1":1},"fnMap":{"1":{"name":"(anonymous_1)","line":24,"loc":{"start":{"line":24,"column":8},"end":{"line":24,"column":25}}}},"statementMap":{"1":{"start":{"line":3,"column":0},"end":{"line":3,"column":35}},"2":{"start":{"line":4,"column":0},"end":{"line":4,"column":29}},"3":{"start":{"line":6,"column":0},"end":{"line":20,"column":3}},"4":{"start":{"line":23,"column":0},"end":{"line":30,"column":2}},"5":{"start":{"line":25,"column":4},"end":{"line":28,"column":14}},"6":{"start":{"line":32,"column":0},"end":{"line":32,"column":35}}},"branchMap":{}},"c:\\Users\\Nick\\Eindopdracht\\lib\\models\\pubcrawl.js":{"path":"c:\\Users\\Nick\\Eindopdracht\\lib\\models\\pubcrawl.js","s":{"1":1,"2":1,"3":1,"4":1,"5":0,"6":1},"b":{},"f":{"1":0},"fnMap":{"1":{"name":"(anonymous_1)","line":41,"loc":{"start":{"line":41,"column":8},"end":{"line":41,"column":25}}}},"statementMap":{"1":{"start":{"line":3,"column":0},"end":{"line":3,"column":35}},"2":{"start":{"line":4,"column":0},"end":{"line":4,"column":29}},"3":{"start":{"line":6,"column":0},"end":{"line":37,"column":3}},"4":{"start":{"line":40,"column":0},"end":{"line":51,"column":2}},"5":{"start":{"line":42,"column":4},"end":{"line":49,"column":14}},"6":{"start":{"line":53,"column":0},"end":{"line":53,"column":43}}},"branchMap":{}},"c:\\Users\\Nick\\Eindopdracht\\lib\\models\\user.js":{"path":"c:\\Users\\Nick\\Eindopdracht\\lib\\models\\user.js","s":{"1":1,"2":1,"3":1,"4":1,"5":1,"6":1,"7":1,"8":1,"9":2,"10":1,"11":1,"12":1,"13":1,"14":1,"15":1,"16":1,"17":1,"18":0,"19":1,"20":0,"21":1,"22":1,"23":1,"24":1,"25":0,"26":1,"27":0,"28":1,"29":1,"30":1,"31":0,"32":1,"33":0,"34":1,"35":1,"36":0,"37":1,"38":1,"39":1,"40":2,"41":0,"42":2,"43":2,"44":1},"b":{"1":[1,1],"2":[0,1],"3":[0,1],"4":[0,1],"5":[0,1],"6":[0,1],"7":[0,1],"8":[0,2],"9":[2,2]},"f":{"1":1,"2":1,"3":2,"4":1,"5":1,"6":1,"7":1,"8":1,"9":1,"10":1,"11":0,"12":1,"13":1,"14":2},"fnMap":{"1":{"name":"(anonymous_1)","line":35,"loc":{"start":{"line":35,"column":7},"end":{"line":35,"column":26}}},"2":{"name":"(anonymous_2)","line":40,"loc":{"start":{"line":40,"column":7},"end":{"line":40,"column":18}}},"3":{"name":"(anonymous_3)","line":47,"loc":{"start":{"line":47,"column":7},"end":{"line":47,"column":19}}},"4":{"name":"(anonymous_4)","line":53,"loc":{"start":{"line":53,"column":25},"end":{"line":53,"column":42}}},"5":{"name":"(anonymous_5)","line":58,"loc":{"start":{"line":58,"column":34},"end":{"line":58,"column":51}}},"6":{"name":"(anonymous_6)","line":64,"loc":{"start":{"line":64,"column":34},"end":{"line":64,"column":59}}},"7":{"name":"(anonymous_7)","line":65,"loc":{"start":{"line":65,"column":50},"end":{"line":65,"column":70}}},"8":{"name":"(anonymous_8)","line":79,"loc":{"start":{"line":79,"column":37},"end":{"line":79,"column":62}}},"9":{"name":"(anonymous_9)","line":80,"loc":{"start":{"line":80,"column":53},"end":{"line":80,"column":73}}},"10":{"name":"(anonymous_10)","line":88,"loc":{"start":{"line":88,"column":23},"end":{"line":88,"column":38}}},"11":{"name":"(anonymous_11)","line":103,"loc":{"start":{"line":103,"column":8},"end":{"line":103,"column":25}}},"12":{"name":"(anonymous_12)","line":117,"loc":{"start":{"line":117,"column":16},"end":{"line":117,"column":36}}},"13":{"name":"(anonymous_13)","line":122,"loc":{"start":{"line":122,"column":12},"end":{"line":122,"column":23}}},"14":{"name":"(anonymous_14)","line":127,"loc":{"start":{"line":127,"column":19},"end":{"line":127,"column":38}}}},"statementMap":{"1":{"start":{"line":3,"column":0},"end":{"line":5,"column":29}},"2":{"start":{"line":7,"column":0},"end":{"line":30,"column":3}},"3":{"start":{"line":33,"column":0},"end":{"line":42,"column":5}},"4":{"start":{"line":36,"column":4},"end":{"line":36,"column":30}},"5":{"start":{"line":37,"column":4},"end":{"line":37,"column":32}},"6":{"start":{"line":38,"column":4},"end":{"line":38,"column":57}},"7":{"start":{"line":41,"column":4},"end":{"line":41,"column":26}},"8":{"start":{"line":45,"column":0},"end":{"line":49,"column":5}},"9":{"start":{"line":48,"column":4},"end":{"line":48,"column":79}},"10":{"start":{"line":53,"column":0},"end":{"line":55,"column":2}},"11":{"start":{"line":54,"column":2},"end":{"line":54,"column":31}},"12":{"start":{"line":58,"column":0},"end":{"line":61,"column":38}},"13":{"start":{"line":59,"column":2},"end":{"line":59,"column":57}},"14":{"start":{"line":60,"column":2},"end":{"line":60,"column":32}},"15":{"start":{"line":64,"column":0},"end":{"line":76,"column":53}},"16":{"start":{"line":65,"column":2},"end":{"line":75,"column":5}},"17":{"start":{"line":66,"column":4},"end":{"line":68,"column":5}},"18":{"start":{"line":67,"column":6},"end":{"line":67,"column":16}},"19":{"start":{"line":70,"column":4},"end":{"line":72,"column":5}},"20":{"start":{"line":71,"column":6},"end":{"line":71,"column":28}},"21":{"start":{"line":74,"column":4},"end":{"line":74,"column":18}},"22":{"start":{"line":79,"column":0},"end":{"line":85,"column":48}},"23":{"start":{"line":80,"column":2},"end":{"line":84,"column":5}},"24":{"start":{"line":81,"column":4},"end":{"line":81,"column":22}},"25":{"start":{"line":81,"column":12},"end":{"line":81,"column":22}},"26":{"start":{"line":82,"column":4},"end":{"line":82,"column":35}},"27":{"start":{"line":82,"column":13},"end":{"line":82,"column":35}},"28":{"start":{"line":83,"column":4},"end":{"line":83,"column":18}},"29":{"start":{"line":88,"column":0},"end":{"line":99,"column":3}},"30":{"start":{"line":89,"column":2},"end":{"line":91,"column":3}},"31":{"start":{"line":90,"column":4},"end":{"line":90,"column":18}},"32":{"start":{"line":93,"column":2},"end":{"line":98,"column":3}},"33":{"start":{"line":94,"column":4},"end":{"line":94,"column":40}},"34":{"start":{"line":97,"column":4},"end":{"line":97,"column":11}},"35":{"start":{"line":102,"column":0},"end":{"line":110,"column":2}},"36":{"start":{"line":104,"column":4},"end":{"line":108,"column":14}},"37":{"start":{"line":114,"column":0},"end":{"line":132,"column":2}},"38":{"start":{"line":118,"column":4},"end":{"line":118,"column":67}},"39":{"start":{"line":123,"column":4},"end":{"line":123,"column":53}},"40":{"start":{"line":128,"column":4},"end":{"line":128,"column":43}},"41":{"start":{"line":128,"column":33},"end":{"line":128,"column":43}},"42":{"start":{"line":129,"column":4},"end":{"line":129,"column":47}},"43":{"start":{"line":130,"column":4},"end":{"line":130,"column":75}},"44":{"start":{"line":134,"column":0},"end":{"line":134,"column":35}}},"branchMap":{"1":{"line":54,"type":"binary-expr","locations":[{"start":{"line":54,"column":9},"end":{"line":54,"column":14}},{"start":{"line":54,"column":18},"end":{"line":54,"column":30}}]},"2":{"line":66,"type":"if","locations":[{"start":{"line":66,"column":4},"end":{"line":66,"column":4}},{"start":{"line":66,"column":4},"end":{"line":66,"column":4}}]},"3":{"line":70,"type":"if","locations":[{"start":{"line":70,"column":4},"end":{"line":70,"column":4}},{"start":{"line":70,"column":4},"end":{"line":70,"column":4}}]},"4":{"line":81,"type":"if","locations":[{"start":{"line":81,"column":4},"end":{"line":81,"column":4}},{"start":{"line":81,"column":4},"end":{"line":81,"column":4}}]},"5":{"line":82,"type":"if","locations":[{"start":{"line":82,"column":4},"end":{"line":82,"column":4}},{"start":{"line":82,"column":4},"end":{"line":82,"column":4}}]},"6":{"line":89,"type":"if","locations":[{"start":{"line":89,"column":2},"end":{"line":89,"column":2}},{"start":{"line":89,"column":2},"end":{"line":89,"column":2}}]},"7":{"line":93,"type":"if","locations":[{"start":{"line":93,"column":2},"end":{"line":93,"column":2}},{"start":{"line":93,"column":2},"end":{"line":93,"column":2}}]},"8":{"line":128,"type":"if","locations":[{"start":{"line":128,"column":4},"end":{"line":128,"column":4}},{"start":{"line":128,"column":4},"end":{"line":128,"column":4}}]},"9":{"line":128,"type":"binary-expr","locations":[{"start":{"line":128,"column":8},"end":{"line":128,"column":17}},{"start":{"line":128,"column":21},"end":{"line":128,"column":31}}]}}},"c:\\Users\\Nick\\Eindopdracht\\lib\\models\\waypoint.js":{"path":"c:\\Users\\Nick\\Eindopdracht\\lib\\models\\waypoint.js","s":{"1":1,"2":1,"3":1,"4":1,"5":0,"6":1},"b":{},"f":{"1":0},"fnMap":{"1":{"name":"(anonymous_1)","line":37,"loc":{"start":{"line":37,"column":8},"end":{"line":37,"column":25}}}},"statementMap":{"1":{"start":{"line":3,"column":0},"end":{"line":3,"column":35}},"2":{"start":{"line":4,"column":0},"end":{"line":4,"column":29}},"3":{"start":{"line":6,"column":0},"end":{"line":33,"column":3}},"4":{"start":{"line":36,"column":0},"end":{"line":44,"column":2}},"5":{"start":{"line":38,"column":4},"end":{"line":42,"column":14}},"6":{"start":{"line":46,"column":0},"end":{"line":46,"column":43}}},"branchMap":{}},"c:\\Users\\Nick\\Eindopdracht\\lib\\config\\pass.js":{"path":"c:\\Users\\Nick\\Eindopdracht\\lib\\config\\pass.js","s":{"1":1,"2":1,"3":1,"4":1,"5":1,"6":2,"7":1,"8":0,"9":0,"10":1,"11":1,"12":1,"13":0,"14":1,"15":0,"16":1,"17":0,"18":1},"b":{"1":[0,1],"2":[0,1],"3":[0,1]},"f":{"1":2,"2":0,"3":0,"4":1,"5":1},"fnMap":{"1":{"name":"(anonymous_1)","line":9,"loc":{"start":{"line":9,"column":23},"end":{"line":9,"column":44}}},"2":{"name":"(anonymous_2)","line":13,"loc":{"start":{"line":13,"column":25},"end":{"line":13,"column":44}}},"3":{"name":"(anonymous_3)","line":14,"loc":{"start":{"line":14,"column":28},"end":{"line":14,"column":49}}},"4":{"name":"(anonymous_4)","line":24,"loc":{"start":{"line":24,"column":2},"end":{"line":24,"column":34}}},"5":{"name":"(anonymous_5)","line":25,"loc":{"start":{"line":25,"column":35},"end":{"line":25,"column":56}}}},"statementMap":{"1":{"start":{"line":3,"column":0},"end":{"line":3,"column":35}},"2":{"start":{"line":4,"column":0},"end":{"line":4,"column":35}},"3":{"start":{"line":5,"column":0},"end":{"line":5,"column":55}},"4":{"start":{"line":6,"column":0},"end":{"line":6,"column":34}},"5":{"start":{"line":9,"column":0},"end":{"line":11,"column":3}},"6":{"start":{"line":10,"column":2},"end":{"line":10,"column":22}},"7":{"start":{"line":13,"column":0},"end":{"line":17,"column":3}},"8":{"start":{"line":14,"column":2},"end":{"line":16,"column":5}},"9":{"start":{"line":15,"column":4},"end":{"line":15,"column":20}},"10":{"start":{"line":20,"column":0},"end":{"line":46,"column":3}},"11":{"start":{"line":25,"column":4},"end":{"line":44,"column":7}},"12":{"start":{"line":26,"column":6},"end":{"line":28,"column":7}},"13":{"start":{"line":27,"column":8},"end":{"line":27,"column":25}},"14":{"start":{"line":29,"column":6},"end":{"line":35,"column":7}},"15":{"start":{"line":30,"column":8},"end":{"line":34,"column":11}},"16":{"start":{"line":36,"column":6},"end":{"line":42,"column":7}},"17":{"start":{"line":37,"column":8},"end":{"line":41,"column":11}},"18":{"start":{"line":43,"column":6},"end":{"line":43,"column":30}}},"branchMap":{"1":{"line":26,"type":"if","locations":[{"start":{"line":26,"column":6},"end":{"line":26,"column":6}},{"start":{"line":26,"column":6},"end":{"line":26,"column":6}}]},"2":{"line":29,"type":"if","locations":[{"start":{"line":29,"column":6},"end":{"line":29,"column":6}},{"start":{"line":29,"column":6},"end":{"line":29,"column":6}}]},"3":{"line":36,"type":"if","locations":[{"start":{"line":36,"column":6},"end":{"line":36,"column":6}},{"start":{"line":36,"column":6},"end":{"line":36,"column":6}}]}}},"c:\\Users\\Nick\\Eindopdracht\\lib\\config\\routes.js":{"path":"c:\\Users\\Nick\\Eindopdracht\\lib\\config\\routes.js","s":{"1":1,"2":1,"3":1,"4":1,"5":1,"6":1,"7":1,"8":1,"9":1,"10":1,"11":1,"12":1,"13":1,"14":1,"15":1,"16":1,"17":1,"18":1,"19":1,"20":1,"21":1,"22":1,"23":1,"24":1,"25":1,"26":1,"27":1,"28":1,"29":1,"30":1,"31":0,"32":0,"33":1,"34":1,"35":0,"36":1},"b":{"1":[0,1]},"f":{"1":1,"2":0,"3":1},"fnMap":{"1":{"name":"(anonymous_1)","line":6,"loc":{"start":{"line":6,"column":17},"end":{"line":6,"column":31}}},"2":{"name":"(anonymous_2)","line":122,"loc":{"start":{"line":122,"column":25},"end":{"line":122,"column":44}}},"3":{"name":"(anonymous_3)","line":127,"loc":{"start":{"line":127,"column":16},"end":{"line":127,"column":35}}}},"statementMap":{"1":{"start":{"line":3,"column":0},"end":{"line":4,"column":37}},"2":{"start":{"line":6,"column":0},"end":{"line":135,"column":1}},"3":{"start":{"line":8,"column":2},"end":{"line":8,"column":46}},"4":{"start":{"line":9,"column":2},"end":{"line":12,"column":4}},"5":{"start":{"line":13,"column":2},"end":{"line":16,"column":4}},"6":{"start":{"line":19,"column":2},"end":{"line":22,"column":4}},"7":{"start":{"line":25,"column":2},"end":{"line":25,"column":50}},"8":{"start":{"line":26,"column":2},"end":{"line":30,"column":4}},"9":{"start":{"line":31,"column":2},"end":{"line":34,"column":4}},"10":{"start":{"line":35,"column":2},"end":{"line":38,"column":4}},"11":{"start":{"line":41,"column":2},"end":{"line":41,"column":48}},"12":{"start":{"line":42,"column":2},"end":{"line":45,"column":4}},"13":{"start":{"line":46,"column":2},"end":{"line":49,"column":4}},"14":{"start":{"line":51,"column":2},"end":{"line":54,"column":4}},"15":{"start":{"line":58,"column":2},"end":{"line":58,"column":35}},"16":{"start":{"line":61,"column":2},"end":{"line":61,"column":54}},"17":{"start":{"line":62,"column":2},"end":{"line":65,"column":4}},"18":{"start":{"line":66,"column":2},"end":{"line":70,"column":4}},"19":{"start":{"line":71,"column":2},"end":{"line":75,"column":4}},"20":{"start":{"line":76,"column":2},"end":{"line":80,"column":4}},"21":{"start":{"line":81,"column":2},"end":{"line":84,"column":4}},"22":{"start":{"line":85,"column":2},"end":{"line":90,"column":4}},"23":{"start":{"line":91,"column":2},"end":{"line":95,"column":4}},"24":{"start":{"line":98,"column":2},"end":{"line":98,"column":46}},"25":{"start":{"line":101,"column":2},"end":{"line":101,"column":54}},"26":{"start":{"line":102,"column":2},"end":{"line":105,"column":4}},"27":{"start":{"line":106,"column":2},"end":{"line":110,"column":4}},"28":{"start":{"line":111,"column":2},"end":{"line":116,"column":4}},"29":{"start":{"line":119,"column":2},"end":{"line":119,"column":46}},"30":{"start":{"line":122,"column":2},"end":{"line":125,"column":5}},"31":{"start":{"line":123,"column":4},"end":{"line":123,"column":49}},"32":{"start":{"line":124,"column":4},"end":{"line":124,"column":30}},"33":{"start":{"line":127,"column":2},"end":{"line":133,"column":5}},"34":{"start":{"line":128,"column":4},"end":{"line":130,"column":5}},"35":{"start":{"line":129,"column":6},"end":{"line":129,"column":61}},"36":{"start":{"line":132,"column":4},"end":{"line":132,"column":29}}},"branchMap":{"1":{"line":128,"type":"if","locations":[{"start":{"line":128,"column":4},"end":{"line":128,"column":4}},{"start":{"line":128,"column":4},"end":{"line":128,"column":4}}]}}},"c:\\Users\\Nick\\Eindopdracht\\lib\\config\\auth.js":{"path":"c:\\Users\\Nick\\Eindopdracht\\lib\\config\\auth.js","s":{"1":1,"2":0,"3":0,"4":0,"5":1,"6":0,"7":0,"8":0},"b":{"1":[0,0],"2":[0,0]},"f":{"1":0,"2":0},"fnMap":{"1":{"name":"ensureAuthenticated","line":4,"loc":{"start":{"line":4,"column":30},"end":{"line":4,"column":75}}},"2":{"name":"(anonymous_2)","line":13,"loc":{"start":{"line":13,"column":20},"end":{"line":13,"column":45}}}},"statementMap":{"1":{"start":{"line":4,"column":0},"end":{"line":9,"column":1}},"2":{"start":{"line":5,"column":2},"end":{"line":7,"column":3}},"3":{"start":{"line":6,"column":3},"end":{"line":6,"column":17}},"4":{"start":{"line":8,"column":2},"end":{"line":8,"column":16}},"5":{"start":{"line":12,"column":0},"end":{"line":19,"column":2}},"6":{"start":{"line":14,"column":4},"end":{"line":16,"column":5}},"7":{"start":{"line":15,"column":6},"end":{"line":15,"column":27}},"8":{"start":{"line":17,"column":4},"end":{"line":17,"column":11}}},"branchMap":{"1":{"line":5,"type":"if","locations":[{"start":{"line":5,"column":2},"end":{"line":5,"column":2}},{"start":{"line":5,"column":2},"end":{"line":5,"column":2}}]},"2":{"line":14,"type":"if","locations":[{"start":{"line":14,"column":4},"end":{"line":14,"column":4}},{"start":{"line":14,"column":4},"end":{"line":14,"column":4}}]}}},"c:\\Users\\Nick\\Eindopdracht\\lib\\controllers\\users.js":{"path":"c:\\Users\\Nick\\Eindopdracht\\lib\\controllers\\users.js","s":{"1":1,"2":1,"3":1,"4":1,"5":1,"6":1,"7":1,"8":1,"9":0,"10":1,"11":1,"12":0,"13":1,"14":1,"15":0,"16":0,"17":0,"18":0,"19":0,"20":0,"21":0,"22":1,"23":0,"24":0,"25":0,"26":0,"27":0,"28":0,"29":0},"b":{"1":[0,1],"2":[0,1],"3":[0,0],"4":[0,0],"5":[0,0],"6":[0,0]},"f":{"1":1,"2":1,"3":1,"4":0,"5":0,"6":0,"7":0},"fnMap":{"1":{"name":"(anonymous_1)","line":8,"loc":{"start":{"line":8,"column":17},"end":{"line":8,"column":43}}},"2":{"name":"(anonymous_2)","line":12,"loc":{"start":{"line":12,"column":15},"end":{"line":12,"column":29}}},"3":{"name":"(anonymous_3)","line":17,"loc":{"start":{"line":17,"column":23},"end":{"line":17,"column":37}}},"4":{"name":"(anonymous_4)","line":25,"loc":{"start":{"line":25,"column":15},"end":{"line":25,"column":41}}},"5":{"name":"(anonymous_5)","line":26,"loc":{"start":{"line":26,"column":31},"end":{"line":26,"column":51}}},"6":{"name":"(anonymous_6)","line":40,"loc":{"start":{"line":40,"column":17},"end":{"line":40,"column":43}}},"7":{"name":"(anonymous_7)","line":42,"loc":{"start":{"line":42,"column":40},"end":{"line":42,"column":61}}}},"statementMap":{"1":{"start":{"line":3,"column":0},"end":{"line":3,"column":35}},"2":{"start":{"line":4,"column":0},"end":{"line":4,"column":34}},"3":{"start":{"line":5,"column":0},"end":{"line":5,"column":35}},"4":{"start":{"line":8,"column":0},"end":{"line":22,"column":2}},"5":{"start":{"line":9,"column":2},"end":{"line":9,"column":35}},"6":{"start":{"line":10,"column":2},"end":{"line":10,"column":29}},"7":{"start":{"line":12,"column":2},"end":{"line":21,"column":5}},"8":{"start":{"line":13,"column":4},"end":{"line":15,"column":5}},"9":{"start":{"line":14,"column":6},"end":{"line":14,"column":32}},"10":{"start":{"line":17,"column":4},"end":{"line":20,"column":7}},"11":{"start":{"line":18,"column":6},"end":{"line":18,"column":32}},"12":{"start":{"line":18,"column":15},"end":{"line":18,"column":32}},"13":{"start":{"line":19,"column":6},"end":{"line":19,"column":41}},"14":{"start":{"line":25,"column":0},"end":{"line":37,"column":2}},"15":{"start":{"line":26,"column":2},"end":{"line":36,"column":5}},"16":{"start":{"line":27,"column":4},"end":{"line":29,"column":5}},"17":{"start":{"line":28,"column":6},"end":{"line":28,"column":23}},"18":{"start":{"line":31,"column":4},"end":{"line":33,"column":5}},"19":{"start":{"line":32,"column":6},"end":{"line":32,"column":58}},"20":{"start":{"line":34,"column":4},"end":{"line":34,"column":20}},"21":{"start":{"line":35,"column":4},"end":{"line":35,"column":11}},"22":{"start":{"line":40,"column":0},"end":{"line":53,"column":1}},"23":{"start":{"line":41,"column":2},"end":{"line":41,"column":37}},"24":{"start":{"line":42,"column":2},"end":{"line":52,"column":5}},"25":{"start":{"line":43,"column":4},"end":{"line":45,"column":5}},"26":{"start":{"line":44,"column":6},"end":{"line":44,"column":64}},"27":{"start":{"line":47,"column":4},"end":{"line":51,"column":5}},"28":{"start":{"line":48,"column":6},"end":{"line":48,"column":31}},"29":{"start":{"line":50,"column":6},"end":{"line":50,"column":32}}},"branchMap":{"1":{"line":13,"type":"if","locations":[{"start":{"line":13,"column":4},"end":{"line":13,"column":4}},{"start":{"line":13,"column":4},"end":{"line":13,"column":4}}]},"2":{"line":18,"type":"if","locations":[{"start":{"line":18,"column":6},"end":{"line":18,"column":6}},{"start":{"line":18,"column":6},"end":{"line":18,"column":6}}]},"3":{"line":27,"type":"if","locations":[{"start":{"line":27,"column":4},"end":{"line":27,"column":4}},{"start":{"line":27,"column":4},"end":{"line":27,"column":4}}]},"4":{"line":31,"type":"if","locations":[{"start":{"line":31,"column":4},"end":{"line":31,"column":4}},{"start":{"line":31,"column":4},"end":{"line":31,"column":4}}]},"5":{"line":43,"type":"if","locations":[{"start":{"line":43,"column":4},"end":{"line":43,"column":4}},{"start":{"line":43,"column":4},"end":{"line":43,"column":4}}]},"6":{"line":47,"type":"if","locations":[{"start":{"line":47,"column":4},"end":{"line":47,"column":4}},{"start":{"line":47,"column":4},"end":{"line":47,"column":4}}]}}},"c:\\Users\\Nick\\Eindopdracht\\lib\\controllers\\session.js":{"path":"c:\\Users\\Nick\\Eindopdracht\\lib\\controllers\\session.js","s":{"1":1,"2":1,"3":1,"4":0,"5":1,"6":0,"7":0,"8":0,"9":0,"10":1,"11":1,"12":1,"13":1,"14":0,"15":1,"16":1,"17":0,"18":1},"b":{"1":[0,0],"2":[1,1],"3":[0,1],"4":[0,1]},"f":{"1":0,"2":0,"3":1,"4":1,"5":1},"fnMap":{"1":{"name":"(anonymous_1)","line":7,"loc":{"start":{"line":7,"column":18},"end":{"line":7,"column":38}}},"2":{"name":"(anonymous_2)","line":12,"loc":{"start":{"line":12,"column":17},"end":{"line":12,"column":37}}},"3":{"name":"(anonymous_3)","line":22,"loc":{"start":{"line":22,"column":16},"end":{"line":22,"column":42}}},"4":{"name":"(anonymous_4)","line":23,"loc":{"start":{"line":23,"column":33},"end":{"line":23,"column":59}}},"5":{"name":"(anonymous_5)","line":26,"loc":{"start":{"line":26,"column":20},"end":{"line":26,"column":34}}}},"statementMap":{"1":{"start":{"line":3,"column":0},"end":{"line":3,"column":35}},"2":{"start":{"line":4,"column":0},"end":{"line":4,"column":35}},"3":{"start":{"line":7,"column":0},"end":{"line":9,"column":2}},"4":{"start":{"line":8,"column":2},"end":{"line":8,"column":31}},"5":{"start":{"line":12,"column":0},"end":{"line":19,"column":2}},"6":{"start":{"line":13,"column":2},"end":{"line":18,"column":3}},"7":{"start":{"line":14,"column":4},"end":{"line":14,"column":17}},"8":{"start":{"line":15,"column":4},"end":{"line":15,"column":18}},"9":{"start":{"line":17,"column":4},"end":{"line":17,"column":35}},"10":{"start":{"line":22,"column":0},"end":{"line":31,"column":1}},"11":{"start":{"line":23,"column":2},"end":{"line":30,"column":21}},"12":{"start":{"line":24,"column":4},"end":{"line":24,"column":28}},"13":{"start":{"line":25,"column":4},"end":{"line":25,"column":47}},"14":{"start":{"line":25,"column":17},"end":{"line":25,"column":45}},"15":{"start":{"line":26,"column":4},"end":{"line":29,"column":7}},"16":{"start":{"line":27,"column":6},"end":{"line":27,"column":40}},"17":{"start":{"line":27,"column":17},"end":{"line":27,"column":38}},"18":{"start":{"line":28,"column":6},"end":{"line":28,"column":35}}},"branchMap":{"1":{"line":13,"type":"if","locations":[{"start":{"line":13,"column":2},"end":{"line":13,"column":2}},{"start":{"line":13,"column":2},"end":{"line":13,"column":2}}]},"2":{"line":24,"type":"binary-expr","locations":[{"start":{"line":24,"column":16},"end":{"line":24,"column":19}},{"start":{"line":24,"column":23},"end":{"line":24,"column":27}}]},"3":{"line":25,"type":"if","locations":[{"start":{"line":25,"column":4},"end":{"line":25,"column":4}},{"start":{"line":25,"column":4},"end":{"line":25,"column":4}}]},"4":{"line":27,"type":"if","locations":[{"start":{"line":27,"column":6},"end":{"line":27,"column":6}},{"start":{"line":27,"column":6},"end":{"line":27,"column":6}}]}}},"c:\\Users\\Nick\\Eindopdracht\\lib\\controllers\\cities.js":{"path":"c:\\Users\\Nick\\Eindopdracht\\lib\\controllers\\cities.js","s":{"1":1,"2":1,"3":1,"4":1,"5":1,"6":0,"7":1,"8":0,"9":1,"10":1,"11":1,"12":1,"13":1,"14":1,"15":0,"16":1,"17":1,"18":0,"19":0,"20":0,"21":0,"22":0,"23":0,"24":0,"25":0,"26":1,"27":0,"28":0,"29":0,"30":0,"31":0,"32":1,"33":1,"34":1,"35":1,"36":1,"37":1,"38":0,"39":1},"b":{"1":[0,1],"2":[0,1],"3":[0,1],"4":[0,0],"5":[0,0],"6":[0,1],"7":[0,1]},"f":{"1":1,"2":1,"3":1,"4":1,"5":0,"6":0,"7":0,"8":0,"9":1,"10":1,"11":1},"fnMap":{"1":{"name":"(anonymous_1)","line":7,"loc":{"start":{"line":7,"column":15},"end":{"line":7,"column":44}}},"2":{"name":"(anonymous_2)","line":8,"loc":{"start":{"line":8,"column":16},"end":{"line":8,"column":36}}},"3":{"name":"(anonymous_3)","line":22,"loc":{"start":{"line":22,"column":17},"end":{"line":22,"column":36}}},"4":{"name":"(anonymous_4)","line":25,"loc":{"start":{"line":25,"column":12},"end":{"line":25,"column":26}}},"5":{"name":"(anonymous_5)","line":35,"loc":{"start":{"line":35,"column":17},"end":{"line":35,"column":36}}},"6":{"name":"(anonymous_6)","line":41,"loc":{"start":{"line":41,"column":12},"end":{"line":41,"column":26}}},"7":{"name":"(anonymous_7)","line":51,"loc":{"start":{"line":51,"column":18},"end":{"line":51,"column":37}}},"8":{"name":"(anonymous_8)","line":54,"loc":{"start":{"line":54,"column":14},"end":{"line":54,"column":28}}},"9":{"name":"(anonymous_9)","line":64,"loc":{"start":{"line":64,"column":15},"end":{"line":64,"column":34}}},"10":{"name":"(anonymous_10)","line":69,"loc":{"start":{"line":69,"column":14},"end":{"line":69,"column":33}}},"11":{"name":"(anonymous_11)","line":76,"loc":{"start":{"line":76,"column":10},"end":{"line":76,"column":32}}}},"statementMap":{"1":{"start":{"line":3,"column":0},"end":{"line":3,"column":35}},"2":{"start":{"line":4,"column":0},"end":{"line":4,"column":34}},"3":{"start":{"line":7,"column":0},"end":{"line":19,"column":2}},"4":{"start":{"line":8,"column":2},"end":{"line":18,"column":5}},"5":{"start":{"line":9,"column":4},"end":{"line":11,"column":5}},"6":{"start":{"line":10,"column":6},"end":{"line":10,"column":23}},"7":{"start":{"line":13,"column":4},"end":{"line":15,"column":5}},"8":{"start":{"line":14,"column":6},"end":{"line":14,"column":58}},"9":{"start":{"line":16,"column":4},"end":{"line":16,"column":20}},"10":{"start":{"line":17,"column":4},"end":{"line":17,"column":11}},"11":{"start":{"line":22,"column":0},"end":{"line":32,"column":2}},"12":{"start":{"line":23,"column":2},"end":{"line":23,"column":32}},"13":{"start":{"line":25,"column":2},"end":{"line":31,"column":5}},"14":{"start":{"line":26,"column":4},"end":{"line":30,"column":5}},"15":{"start":{"line":27,"column":6},"end":{"line":27,"column":25}},"16":{"start":{"line":29,"column":6},"end":{"line":29,"column":21}},"17":{"start":{"line":35,"column":0},"end":{"line":48,"column":2}},"18":{"start":{"line":36,"column":2},"end":{"line":36,"column":22}},"19":{"start":{"line":37,"column":2},"end":{"line":37,"column":28}},"20":{"start":{"line":38,"column":2},"end":{"line":38,"column":36}},"21":{"start":{"line":39,"column":2},"end":{"line":39,"column":38}},"22":{"start":{"line":41,"column":2},"end":{"line":47,"column":5}},"23":{"start":{"line":42,"column":4},"end":{"line":46,"column":5}},"24":{"start":{"line":43,"column":6},"end":{"line":43,"column":25}},"25":{"start":{"line":45,"column":6},"end":{"line":45,"column":21}},"26":{"start":{"line":51,"column":0},"end":{"line":61,"column":2}},"27":{"start":{"line":52,"column":2},"end":{"line":52,"column":22}},"28":{"start":{"line":54,"column":2},"end":{"line":60,"column":5}},"29":{"start":{"line":55,"column":4},"end":{"line":59,"column":5}},"30":{"start":{"line":56,"column":6},"end":{"line":56,"column":25}},"31":{"start":{"line":58,"column":6},"end":{"line":58,"column":21}},"32":{"start":{"line":64,"column":0},"end":{"line":66,"column":2}},"33":{"start":{"line":65,"column":2},"end":{"line":65,"column":21}},"34":{"start":{"line":69,"column":0},"end":{"line":83,"column":1}},"35":{"start":{"line":71,"column":2},"end":{"line":71,"column":67}},"36":{"start":{"line":73,"column":2},"end":{"line":82,"column":5}},"37":{"start":{"line":77,"column":6},"end":{"line":81,"column":7}},"38":{"start":{"line":78,"column":8},"end":{"line":78,"column":27}},"39":{"start":{"line":80,"column":8},"end":{"line":80,"column":25}}},"branchMap":{"1":{"line":9,"type":"if","locations":[{"start":{"line":9,"column":4},"end":{"line":9,"column":4}},{"start":{"line":9,"column":4},"end":{"line":9,"column":4}}]},"2":{"line":13,"type":"if","locations":[{"start":{"line":13,"column":4},"end":{"line":13,"column":4}},{"start":{"line":13,"column":4},"end":{"line":13,"column":4}}]},"3":{"line":26,"type":"if","locations":[{"start":{"line":26,"column":4},"end":{"line":26,"column":4}},{"start":{"line":26,"column":4},"end":{"line":26,"column":4}}]},"4":{"line":42,"type":"if","locations":[{"start":{"line":42,"column":4},"end":{"line":42,"column":4}},{"start":{"line":42,"column":4},"end":{"line":42,"column":4}}]},"5":{"line":55,"type":"if","locations":[{"start":{"line":55,"column":4},"end":{"line":55,"column":4}},{"start":{"line":55,"column":4},"end":{"line":55,"column":4}}]},"6":{"line":71,"type":"cond-expr","locations":[{"start":{"line":71,"column":35},"end":{"line":71,"column":49}},{"start":{"line":71,"column":52},"end":{"line":71,"column":66}}]},"7":{"line":77,"type":"if","locations":[{"start":{"line":77,"column":6},"end":{"line":77,"column":6}},{"start":{"line":77,"column":6},"end":{"line":77,"column":6}}]}}},"c:\\Users\\Nick\\Eindopdracht\\lib\\controllers\\pubcrawls.js":{"path":"c:\\Users\\Nick\\Eindopdracht\\lib\\controllers\\pubcrawls.js","s":{"1":1,"2":1,"3":1,"4":0,"5":0,"6":0,"7":0,"8":0,"9":0,"10":0,"11":1,"12":0,"13":0,"14":0,"15":0,"16":0,"17":0,"18":1,"19":0,"20":0,"21":0,"22":0,"23":0,"24":0,"25":1,"26":0,"27":0,"28":0,"29":0,"30":0,"31":0,"32":1,"33":0,"34":0,"35":0,"36":0,"37":0,"38":0,"39":0,"40":0,"41":1,"42":0,"43":0,"44":0,"45":0,"46":0,"47":1,"48":0,"49":1,"50":1,"51":1,"52":1,"53":0,"54":1},"b":{"1":[0,0],"2":[0,0],"3":[0,0],"4":[0,0],"5":[0,0],"6":[0,0],"7":[0,0],"8":[0,1]},"f":{"1":0,"2":0,"3":0,"4":0,"5":0,"6":0,"7":0,"8":0,"9":0,"10":0,"11":0,"12":0,"13":0,"14":1,"15":1},"fnMap":{"1":{"name":"(anonymous_1)","line":7,"loc":{"start":{"line":7,"column":19},"end":{"line":7,"column":48}}},"2":{"name":"(anonymous_2)","line":8,"loc":{"start":{"line":8,"column":20},"end":{"line":8,"column":44}}},"3":{"name":"(anonymous_3)","line":22,"loc":{"start":{"line":22,"column":17},"end":{"line":22,"column":36}}},"4":{"name":"(anonymous_4)","line":27,"loc":{"start":{"line":27,"column":16},"end":{"line":27,"column":30}}},"5":{"name":"(anonymous_5)","line":37,"loc":{"start":{"line":37,"column":25},"end":{"line":37,"column":44}}},"6":{"name":"(anonymous_6)","line":42,"loc":{"start":{"line":42,"column":16},"end":{"line":42,"column":30}}},"7":{"name":"(anonymous_7)","line":52,"loc":{"start":{"line":52,"column":28},"end":{"line":52,"column":47}}},"8":{"name":"(anonymous_8)","line":57,"loc":{"start":{"line":57,"column":16},"end":{"line":57,"column":30}}},"9":{"name":"(anonymous_9)","line":67,"loc":{"start":{"line":67,"column":17},"end":{"line":67,"column":36}}},"10":{"name":"(anonymous_10)","line":73,"loc":{"start":{"line":73,"column":16},"end":{"line":73,"column":30}}},"11":{"name":"(anonymous_11)","line":83,"loc":{"start":{"line":83,"column":18},"end":{"line":83,"column":37}}},"12":{"name":"(anonymous_12)","line":86,"loc":{"start":{"line":86,"column":18},"end":{"line":86,"column":32}}},"13":{"name":"(anonymous_13)","line":96,"loc":{"start":{"line":96,"column":15},"end":{"line":96,"column":34}}},"14":{"name":"(anonymous_14)","line":101,"loc":{"start":{"line":101,"column":14},"end":{"line":101,"column":33}}},"15":{"name":"(anonymous_15)","line":112,"loc":{"start":{"line":112,"column":10},"end":{"line":112,"column":35}}}},"statementMap":{"1":{"start":{"line":3,"column":0},"end":{"line":3,"column":35}},"2":{"start":{"line":4,"column":0},"end":{"line":4,"column":42}},"3":{"start":{"line":7,"column":0},"end":{"line":19,"column":2}},"4":{"start":{"line":8,"column":2},"end":{"line":18,"column":5}},"5":{"start":{"line":9,"column":4},"end":{"line":11,"column":5}},"6":{"start":{"line":10,"column":6},"end":{"line":10,"column":23}},"7":{"start":{"line":13,"column":4},"end":{"line":15,"column":5}},"8":{"start":{"line":14,"column":6},"end":{"line":14,"column":62}},"9":{"start":{"line":16,"column":4},"end":{"line":16,"column":28}},"10":{"start":{"line":17,"column":4},"end":{"line":17,"column":11}},"11":{"start":{"line":22,"column":0},"end":{"line":34,"column":2}},"12":{"start":{"line":23,"column":2},"end":{"line":23,"column":40}},"13":{"start":{"line":25,"column":2},"end":{"line":25,"column":30}},"14":{"start":{"line":27,"column":2},"end":{"line":33,"column":5}},"15":{"start":{"line":28,"column":4},"end":{"line":32,"column":5}},"16":{"start":{"line":29,"column":6},"end":{"line":29,"column":25}},"17":{"start":{"line":31,"column":6},"end":{"line":31,"column":25}},"18":{"start":{"line":37,"column":0},"end":{"line":49,"column":2}},"19":{"start":{"line":38,"column":2},"end":{"line":38,"column":30}},"20":{"start":{"line":40,"column":2},"end":{"line":40,"column":43}},"21":{"start":{"line":42,"column":2},"end":{"line":48,"column":5}},"22":{"start":{"line":43,"column":4},"end":{"line":47,"column":5}},"23":{"start":{"line":44,"column":6},"end":{"line":44,"column":25}},"24":{"start":{"line":46,"column":6},"end":{"line":46,"column":25}},"25":{"start":{"line":52,"column":0},"end":{"line":64,"column":2}},"26":{"start":{"line":53,"column":2},"end":{"line":53,"column":30}},"27":{"start":{"line":55,"column":2},"end":{"line":55,"column":43}},"28":{"start":{"line":57,"column":2},"end":{"line":63,"column":5}},"29":{"start":{"line":58,"column":4},"end":{"line":62,"column":5}},"30":{"start":{"line":59,"column":6},"end":{"line":59,"column":25}},"31":{"start":{"line":61,"column":6},"end":{"line":61,"column":25}},"32":{"start":{"line":67,"column":0},"end":{"line":80,"column":2}},"33":{"start":{"line":68,"column":2},"end":{"line":68,"column":30}},"34":{"start":{"line":69,"column":2},"end":{"line":69,"column":34}},"35":{"start":{"line":70,"column":2},"end":{"line":70,"column":46}},"36":{"start":{"line":71,"column":2},"end":{"line":71,"column":36}},"37":{"start":{"line":73,"column":2},"end":{"line":79,"column":5}},"38":{"start":{"line":74,"column":4},"end":{"line":78,"column":5}},"39":{"start":{"line":75,"column":6},"end":{"line":75,"column":25}},"40":{"start":{"line":77,"column":6},"end":{"line":77,"column":25}},"41":{"start":{"line":83,"column":0},"end":{"line":93,"column":2}},"42":{"start":{"line":84,"column":2},"end":{"line":84,"column":30}},"43":{"start":{"line":86,"column":2},"end":{"line":92,"column":5}},"44":{"start":{"line":87,"column":4},"end":{"line":91,"column":5}},"45":{"start":{"line":88,"column":6},"end":{"line":88,"column":25}},"46":{"start":{"line":90,"column":6},"end":{"line":90,"column":25}},"47":{"start":{"line":96,"column":0},"end":{"line":98,"column":2}},"48":{"start":{"line":97,"column":2},"end":{"line":97,"column":25}},"49":{"start":{"line":101,"column":0},"end":{"line":119,"column":2}},"50":{"start":{"line":102,"column":2},"end":{"line":102,"column":31}},"51":{"start":{"line":104,"column":2},"end":{"line":118,"column":5}},"52":{"start":{"line":113,"column":4},"end":{"line":117,"column":5}},"53":{"start":{"line":114,"column":6},"end":{"line":114,"column":25}},"54":{"start":{"line":116,"column":6},"end":{"line":116,"column":26}}},"branchMap":{"1":{"line":9,"type":"if","locations":[{"start":{"line":9,"column":4},"end":{"line":9,"column":4}},{"start":{"line":9,"column":4},"end":{"line":9,"column":4}}]},"2":{"line":13,"type":"if","locations":[{"start":{"line":13,"column":4},"end":{"line":13,"column":4}},{"start":{"line":13,"column":4},"end":{"line":13,"column":4}}]},"3":{"line":28,"type":"if","locations":[{"start":{"line":28,"column":4},"end":{"line":28,"column":4}},{"start":{"line":28,"column":4},"end":{"line":28,"column":4}}]},"4":{"line":43,"type":"if","locations":[{"start":{"line":43,"column":4},"end":{"line":43,"column":4}},{"start":{"line":43,"column":4},"end":{"line":43,"column":4}}]},"5":{"line":58,"type":"if","locations":[{"start":{"line":58,"column":4},"end":{"line":58,"column":4}},{"start":{"line":58,"column":4},"end":{"line":58,"column":4}}]},"6":{"line":74,"type":"if","locations":[{"start":{"line":74,"column":4},"end":{"line":74,"column":4}},{"start":{"line":74,"column":4},"end":{"line":74,"column":4}}]},"7":{"line":87,"type":"if","locations":[{"start":{"line":87,"column":4},"end":{"line":87,"column":4}},{"start":{"line":87,"column":4},"end":{"line":87,"column":4}}]},"8":{"line":113,"type":"if","locations":[{"start":{"line":113,"column":4},"end":{"line":113,"column":4}},{"start":{"line":113,"column":4},"end":{"line":113,"column":4}}]}}},"c:\\Users\\Nick\\Eindopdracht\\lib\\controllers\\waypoints.js":{"path":"c:\\Users\\Nick\\Eindopdracht\\lib\\controllers\\waypoints.js","s":{"1":1,"2":1,"3":1,"4":0,"5":0,"6":0,"7":0,"8":0,"9":0,"10":0,"11":1,"12":0,"13":0,"14":0,"15":0,"16":0,"17":0,"18":0,"19":0,"20":1,"21":0,"22":0,"23":0,"24":0,"25":0,"26":1,"27":0,"28":1,"29":0,"30":0,"31":0,"32":0},"b":{"1":[0,0],"2":[0,0],"3":[0,0],"4":[0,0],"5":[0,0]},"f":{"1":0,"2":0,"3":0,"4":0,"5":0,"6":0,"7":0,"8":0,"9":0},"fnMap":{"1":{"name":"(anonymous_1)","line":7,"loc":{"start":{"line":7,"column":19},"end":{"line":7,"column":48}}},"2":{"name":"(anonymous_2)","line":8,"loc":{"start":{"line":8,"column":20},"end":{"line":8,"column":44}}},"3":{"name":"(anonymous_3)","line":22,"loc":{"start":{"line":22,"column":17},"end":{"line":22,"column":36}}},"4":{"name":"(anonymous_4)","line":31,"loc":{"start":{"line":31,"column":16},"end":{"line":31,"column":30}}},"5":{"name":"(anonymous_5)","line":41,"loc":{"start":{"line":41,"column":18},"end":{"line":41,"column":37}}},"6":{"name":"(anonymous_6)","line":44,"loc":{"start":{"line":44,"column":18},"end":{"line":44,"column":32}}},"7":{"name":"(anonymous_7)","line":54,"loc":{"start":{"line":54,"column":15},"end":{"line":54,"column":34}}},"8":{"name":"(anonymous_8)","line":59,"loc":{"start":{"line":59,"column":14},"end":{"line":59,"column":33}}},"9":{"name":"(anonymous_9)","line":64,"loc":{"start":{"line":64,"column":10},"end":{"line":64,"column":35}}}},"statementMap":{"1":{"start":{"line":3,"column":0},"end":{"line":3,"column":35}},"2":{"start":{"line":4,"column":0},"end":{"line":4,"column":42}},"3":{"start":{"line":7,"column":0},"end":{"line":19,"column":2}},"4":{"start":{"line":8,"column":2},"end":{"line":18,"column":5}},"5":{"start":{"line":9,"column":4},"end":{"line":11,"column":5}},"6":{"start":{"line":10,"column":6},"end":{"line":10,"column":23}},"7":{"start":{"line":13,"column":4},"end":{"line":15,"column":5}},"8":{"start":{"line":14,"column":6},"end":{"line":14,"column":62}},"9":{"start":{"line":16,"column":4},"end":{"line":16,"column":28}},"10":{"start":{"line":17,"column":4},"end":{"line":17,"column":11}},"11":{"start":{"line":22,"column":0},"end":{"line":38,"column":2}},"12":{"start":{"line":23,"column":2},"end":{"line":23,"column":40}},"13":{"start":{"line":25,"column":2},"end":{"line":25,"column":39}},"14":{"start":{"line":27,"column":2},"end":{"line":27,"column":44}},"15":{"start":{"line":29,"column":2},"end":{"line":29,"column":22}},"16":{"start":{"line":31,"column":2},"end":{"line":37,"column":5}},"17":{"start":{"line":32,"column":4},"end":{"line":36,"column":5}},"18":{"start":{"line":33,"column":6},"end":{"line":33,"column":25}},"19":{"start":{"line":35,"column":6},"end":{"line":35,"column":25}},"20":{"start":{"line":41,"column":0},"end":{"line":51,"column":2}},"21":{"start":{"line":42,"column":2},"end":{"line":42,"column":30}},"22":{"start":{"line":44,"column":2},"end":{"line":50,"column":5}},"23":{"start":{"line":45,"column":4},"end":{"line":49,"column":5}},"24":{"start":{"line":46,"column":6},"end":{"line":46,"column":25}},"25":{"start":{"line":48,"column":6},"end":{"line":48,"column":25}},"26":{"start":{"line":54,"column":0},"end":{"line":56,"column":2}},"27":{"start":{"line":55,"column":2},"end":{"line":55,"column":25}},"28":{"start":{"line":59,"column":0},"end":{"line":71,"column":2}},"29":{"start":{"line":60,"column":2},"end":{"line":70,"column":5}},"30":{"start":{"line":65,"column":4},"end":{"line":69,"column":5}},"31":{"start":{"line":66,"column":6},"end":{"line":66,"column":25}},"32":{"start":{"line":68,"column":6},"end":{"line":68,"column":26}}},"branchMap":{"1":{"line":9,"type":"if","locations":[{"start":{"line":9,"column":4},"end":{"line":9,"column":4}},{"start":{"line":9,"column":4},"end":{"line":9,"column":4}}]},"2":{"line":13,"type":"if","locations":[{"start":{"line":13,"column":4},"end":{"line":13,"column":4}},{"start":{"line":13,"column":4},"end":{"line":13,"column":4}}]},"3":{"line":32,"type":"if","locations":[{"start":{"line":32,"column":4},"end":{"line":32,"column":4}},{"start":{"line":32,"column":4},"end":{"line":32,"column":4}}]},"4":{"line":45,"type":"if","locations":[{"start":{"line":45,"column":4},"end":{"line":45,"column":4}},{"start":{"line":45,"column":4},"end":{"line":45,"column":4}}]},"5":{"line":65,"type":"if","locations":[{"start":{"line":65,"column":4},"end":{"line":65,"column":4}},{"start":{"line":65,"column":4},"end":{"line":65,"column":4}}]}}}}